mode: set
gitlab.com/mjedari/number-server/cache/cache.go:22.70,27.21 2 0
gitlab.com/mjedari/number-server/cache/cache.go:32.2,32.38 1 0
gitlab.com/mjedari/number-server/cache/cache.go:35.2,35.12 1 0
gitlab.com/mjedari/number-server/cache/cache.go:27.21,30.3 1 0
gitlab.com/mjedari/number-server/cache/cache.go:32.38,34.3 1 0
gitlab.com/mjedari/number-server/cache/cache.go:38.75,41.2 3 0
gitlab.com/mjedari/number-server/cache/cache.go:48.2,49.12 2 0
gitlab.com/mjedari/number-server/cache/cache.go:41.2,42.53 1 0
gitlab.com/mjedari/number-server/cache/cache.go:46.3,46.37 1 0
gitlab.com/mjedari/number-server/cache/cache.go:42.53,44.4 1 0
gitlab.com/mjedari/number-server/cache/cache.go:52.36,53.32 1 0
gitlab.com/mjedari/number-server/cache/cache.go:56.2,56.12 1 0
gitlab.com/mjedari/number-server/cache/cache.go:53.32,55.3 1 0
